<?xml version="1.0" encoding="UTF-8"?>
<!-- Generated by org.testng.reporters.JUnitXMLReporter -->
<testsuite ignored="1" hostname="DESKTOP-9FG3BT2" failures="0" tests="4" name="Default test" time="0.066" errors="0" timestamp="2023-06-21T16:40:24 IST">
  <testcase classname="oopspack.TestNG4" name="a" time="0.009"/>
  <testcase classname="oopspack.TestNG4" name="c" time="0.002"/>
  <testcase classname="oopspack.TestNG4" name="c" time="0.001"/>
  <testcase classname="oopspack.TestNG4" name="e" time="0.001"/>
  <testcase classname="oopspack.TestNG4" name="b" time="0.0">
    <ignored/>
  </testcase> <!-- b -->
</testsuite> <!-- Default test -->
