<?xml version="1.0" encoding="UTF-8"?>
<testng-results ignored="0" total="4" passed="4" failed="0" skipped="0">
  <reporter-output>
  </reporter-output>
  <suite started-at="2023-06-21T16:40:24 IST" name="Default suite" finished-at="2023-06-21T16:40:24 IST" duration-ms="66">
    <groups>
    </groups>
    <test started-at="2023-06-21T16:40:24 IST" name="Default test" finished-at="2023-06-21T16:40:24 IST" duration-ms="66">
      <class name="oopspack.TestNG4">
        <test-method signature="a()[pri:0, instance:oopspack.TestNG4@7bab3f1a]" started-at="2023-06-21T16:40:24 IST" name="a" finished-at="2023-06-21T16:40:24 IST" duration-ms="9" status="PASS">
          <reporter-output>
          </reporter-output>
        </test-method> <!-- a -->
        <test-method signature="c()[pri:0, instance:oopspack.TestNG4@7bab3f1a]" started-at="2023-06-21T16:40:24 IST" name="c" finished-at="2023-06-21T16:40:24 IST" duration-ms="2" status="PASS">
          <reporter-output>
          </reporter-output>
        </test-method> <!-- c -->
        <test-method signature="c()[pri:0, instance:oopspack.TestNG4@7bab3f1a]" started-at="2023-06-21T16:40:24 IST" name="c" finished-at="2023-06-21T16:40:24 IST" duration-ms="1" status="PASS">
          <reporter-output>
          </reporter-output>
        </test-method> <!-- c -->
        <test-method signature="e()[pri:2, instance:oopspack.TestNG4@7bab3f1a]" started-at="2023-06-21T16:40:24 IST" name="e" finished-at="2023-06-21T16:40:24 IST" duration-ms="1" status="PASS">
          <reporter-output>
          </reporter-output>
        </test-method> <!-- e -->
      </class> <!-- oopspack.TestNG4 -->
    </test> <!-- Default test -->
  </suite> <!-- Default suite -->
</testng-results>
